  Animation.cpp
  Animations.cpp
  BlackBackground.cpp
  Brick.cpp
  Bush.cpp
  Cloud.cpp
  Coin.cpp
  CoinFromBox.cpp
  Collision.cpp
  Curtain.cpp
F:\hoc\game\New folder\clone\test\05-SceneManager\Curtain.cpp(20,12): warning C4244: '-=': conversion from 'double' to 'float', possible loss of data
  debug.cpp
  fireball.cpp
  Game.cpp
  GameObject.cpp
  Goomba.cpp
  Ground.cpp
  Koopas.cpp
  main.cpp
F:\hoc\game\New folder\clone\test\05-SceneManager\AssetIDs.h(45,9): warning C4005: 'OBJECT_TYPE_KOOPAS': macro redefinition
  Mario.cpp
  MushRoom.cpp
  Generating Code...
  Compiling...
  MysteryBox.cpp
  PakkunFlower1.cpp
  PakkunFlower2.cpp
  PakkunFlower3.cpp
  PipeAbove.cpp
  PipeBelow.cpp
  Platform.cpp
  PlayScene.cpp
F:\hoc\game\New folder\clone\test\05-SceneManager\AssetIDs.h(45,9): warning C4005: 'OBJECT_TYPE_KOOPAS': macro redefinition
F:\hoc\game\New folder\clone\test\05-SceneManager\PlayScene.cpp(82,20): warning C4018: '<': signed/unsigned mismatch
F:\hoc\game\New folder\clone\test\05-SceneManager\PlayScene.cpp(332,20): warning C4018: '<': signed/unsigned mismatch
F:\hoc\game\New folder\clone\test\05-SceneManager\PlayScene.cpp(357,20): warning C4018: '<': signed/unsigned mismatch
  Portal.cpp
  Prize.cpp
  SampleKeyEventHandler.cpp
  Sprite.cpp
  Sprites.cpp
  Stair0.cpp
  Stair1.cpp
  Stair2.cpp
  Stair3.cpp
  Stair4.cpp
  Stair5.cpp
  Stair6.cpp
  Generating Code...
  Compiling...
  Stair7.cpp
  Stair8.cpp
  Stair9.cpp
  Textures.cpp
  Title.cpp
  Tree1.cpp
  Tree2.cpp
  Tree3.cpp
  Tree4.cpp
  Utils.cpp
  WarpPipe.cpp
  WingGoomba.cpp
F:\hoc\game\New folder\clone\test\05-SceneManager\WingGoomba.cpp(24,9): warning C4305: '-=': truncation from 'double' to 'float'
  WingKoopas.cpp
F:\hoc\game\New folder\clone\test\05-SceneManager\WingKoopas.cpp(24,9): warning C4305: '-=': truncation from 'double' to 'float'
  Wood.cpp
  Generating Code...
  05-SceneManager.vcxproj -> F:\hoc\game\New folder\clone\test\Debug\Project1.exe
